<?xml version="1.0" encoding="UTF-8"?>
<!-- Generated by org.testng.reporters.JUnitReportReporter -->
<testsuite hostname="Ashans-MacBook-Air-2.local" failures="0" tests="2" name="com.crm.test.HomePageTest" time="51.213" errors="0" timestamp="2025-10-23T21:59:51 IST" skipped="0">
  <testcase classname="com.crm.test.HomePageTest" name="verifyHomeLogoTest" time="30.507"/>
  <testcase classname="com.crm.test.HomePageTest" name="clickNewButtonTest" time="20.706"/>
</testsuite> <!-- com.crm.test.HomePageTest -->
