<?xml version="1.0" encoding="UTF-8"?>
<!-- Generated by org.testng.reporters.JUnitReportReporter -->
<testsuite hostname="Ashans-MacBook-Air-2.local" failures="0" tests="1" name="com.crm.test.LoginPageTest" time="28.030" errors="0" timestamp="2025-10-23T21:59:51 IST" skipped="0">
  <testcase classname="com.crm.test.LoginPageTest" name="loginTest" time="28.030"/>
</testsuite> <!-- com.crm.test.LoginPageTest -->
